<?xml version="1.0" encoding="UTF-8"?>
<!-- Generated by org.testng.reporters.JUnitReportReporter -->
<testsuite hostname="DESKTOP-SDU7F7J" failures="0" tests="1" name="org.pageexe.ExecutionOrder" time="0.017" errors="0" timestamp="2024-03-13T11:26:18 IST" skipped="0">
  <testcase classname="org.pageexe.ExecutionOrder" name="test" time="0.017"/>
</testsuite> <!-- org.pageexe.ExecutionOrder -->
