<?xml version="1.0" encoding="UTF-8"?>
<!-- Generated by org.testng.reporters.JUnitReportReporter -->
<testsuite hostname="DESKTOP-SDU7F7J" failures="0" tests="3" name="org.pageexe.LoginPageexe" time="1.749" errors="0" timestamp="2024-03-13T19:25:49 IST" skipped="0">
  <testcase classname="org.pageexe.LoginPageexe" name="test1" time="0.202"/>
  <testcase classname="org.pageexe.LoginPageexe" name="test" time="1.368"/>
  <testcase classname="org.pageexe.LoginPageexe" name="test2" time="0.179"/>
</testsuite> <!-- org.pageexe.LoginPageexe -->
