<?xml version="1.0" encoding="UTF-8"?>
<!-- Generated by org.testng.reporters.JUnitReportReporter -->
<testsuite hostname="DESKTOP-SDU7F7J" failures="0" tests="3" name="org.pageexe.TestBasics2" time="0.016" errors="0" timestamp="2024-03-13T11:37:07 IST" skipped="1">
  <testcase classname="org.pageexe.TestBasics2" name="Testp" time="0.013"/>
  <testcase classname="org.pageexe.TestBasics2" name="Testz" time="0.003"/>
  <testcase classname="org.pageexe.TestBasics2" name="Testy">
    <skipped/>
  </testcase> <!-- Testy -->
</testsuite> <!-- org.pageexe.TestBasics2 -->
