<?xml version="1.0" encoding="UTF-8"?>
<!-- Generated by org.testng.reporters.JUnitReportReporter -->
<testsuite hostname="DESKTOP-SDU7F7J" failures="0" tests="3" name="org.pageexe.TestBasics" time="0.017" errors="0" timestamp="2024-03-13T11:26:18 IST" skipped="0">
  <testcase classname="org.pageexe.TestBasics" name="TestA" time="0.007"/>
  <testcase classname="org.pageexe.TestBasics" name="Testa" time="0.004"/>
  <testcase classname="org.pageexe.TestBasics" name="Test" time="0.006"/>
</testsuite> <!-- org.pageexe.TestBasics -->
